1699740858.071560 client started (4880): version 3.3a, socket /tmp/tmux-1000/default, protocol 8
1699740858.071622 on Linux 6.5.0-3-amd64 #1 SMP PREEMPT_DYNAMIC Debian 6.5.8-1 (2023-10-22)
1699740858.071633 using libevent 2.1.12-stable (poll); ncurses 6.4
1699740858.071663 flags are 0x18010000
1699740858.071670 socket is /tmp/tmux-1000/default
1699740858.071696 trying connect
1699740858.071729 connect failed: No such file or directory
1699740858.071747 lock file is /tmp/tmux-1000/default.lock
1699740858.071806 flock succeeded
1699740858.071815 got lock (6)
1699740858.071832 trying connect
1699740858.071850 connect failed: No such file or directory
1699740858.072395 add peer 0x55b8314fde10: 7 ((nil))
1699740858.073447 sending message 100 to peer 0x55b8314fde10 (4 bytes)
1699740858.073469 sending message 111 to peer 0x55b8314fde10 (8 bytes)
1699740858.073480 sending message 101 to peer 0x55b8314fde10 (12 bytes)
1699740858.073488 sending message 109 to peer 0x55b8314fde10 (4 bytes)
1699740858.073497 sending message 102 to peer 0x55b8314fde10 (11 bytes)
1699740858.073505 sending message 108 to peer 0x55b8314fde10 (26 bytes)
1699740858.073515 sending message 112 to peer 0x55b8314fde10 (70 bytes)
1699740858.073524 sending message 112 to peer 0x55b8314fde10 (5 bytes)
1699740858.073533 sending message 112 to peer 0x55b8314fde10 (6 bytes)
1699740858.073541 sending message 112 to peer 0x55b8314fde10 (6 bytes)
1699740858.073550 sending message 112 to peer 0x55b8314fde10 (10 bytes)
1699740858.073558 sending message 112 to peer 0x55b8314fde10 (13 bytes)
1699740858.073567 sending message 112 to peer 0x55b8314fde10 (14 bytes)
1699740858.073576 sending message 112 to peer 0x55b8314fde10 (19 bytes)
1699740858.073584 sending message 112 to peer 0x55b8314fde10 (11 bytes)
1699740858.073592 sending message 112 to peer 0x55b8314fde10 (21 bytes)
1699740858.073601 sending message 112 to peer 0x55b8314fde10 (13 bytes)
1699740858.073609 sending message 112 to peer 0x55b8314fde10 (7 bytes)
1699740858.073618 sending message 112 to peer 0x55b8314fde10 (13 bytes)
1699740858.073627 sending message 112 to peer 0x55b8314fde10 (7 bytes)
1699740858.073644 sending message 112 to peer 0x55b8314fde10 (13 bytes)
1699740858.073654 sending message 112 to peer 0x55b8314fde10 (9 bytes)
1699740858.073664 sending message 112 to peer 0x55b8314fde10 (21 bytes)
1699740858.073673 sending message 112 to peer 0x55b8314fde10 (13 bytes)
1699740858.073683 sending message 112 to peer 0x55b8314fde10 (9 bytes)
1699740858.073692 sending message 112 to peer 0x55b8314fde10 (16 bytes)
1699740858.073702 sending message 112 to peer 0x55b8314fde10 (13 bytes)
1699740858.073712 sending message 112 to peer 0x55b8314fde10 (9 bytes)
1699740858.073722 sending message 112 to peer 0x55b8314fde10 (9 bytes)
1699740858.073732 sending message 112 to peer 0x55b8314fde10 (12 bytes)
1699740858.073741 sending message 112 to peer 0x55b8314fde10 (8 bytes)
1699740858.073751 sending message 112 to peer 0x55b8314fde10 (13 bytes)
1699740858.073761 sending message 112 to peer 0x55b8314fde10 (7 bytes)
1699740858.073770 sending message 112 to peer 0x55b8314fde10 (7 bytes)
1699740858.073780 sending message 112 to peer 0x55b8314fde10 (9 bytes)
1699740858.073789 sending message 112 to peer 0x55b8314fde10 (6 bytes)
1699740858.073799 sending message 112 to peer 0x55b8314fde10 (9 bytes)
1699740858.073809 sending message 112 to peer 0x55b8314fde10 (15 bytes)
1699740858.073818 sending message 112 to peer 0x55b8314fde10 (13 bytes)
1699740858.073828 sending message 112 to peer 0x55b8314fde10 (12 bytes)
1699740858.073837 sending message 112 to peer 0x55b8314fde10 (8 bytes)
1699740858.073847 sending message 112 to peer 0x55b8314fde10 (14 bytes)
1699740858.073856 sending message 112 to peer 0x55b8314fde10 (9 bytes)
1699740858.073866 sending message 112 to peer 0x55b8314fde10 (10 bytes)
1699740858.073875 sending message 112 to peer 0x55b8314fde10 (10 bytes)
1699740858.073883 sending message 112 to peer 0x55b8314fde10 (10 bytes)
1699740858.073893 sending message 112 to peer 0x55b8314fde10 (10 bytes)
1699740858.073902 sending message 112 to peer 0x55b8314fde10 (11 bytes)
1699740858.073929 sending message 112 to peer 0x55b8314fde10 (12 bytes)
1699740858.073939 sending message 112 to peer 0x55b8314fde10 (12 bytes)
1699740858.073949 sending message 112 to peer 0x55b8314fde10 (12 bytes)
1699740858.073959 sending message 112 to peer 0x55b8314fde10 (12 bytes)
1699740858.073969 sending message 112 to peer 0x55b8314fde10 (12 bytes)
1699740858.073979 sending message 112 to peer 0x55b8314fde10 (11 bytes)
1699740858.073989 sending message 112 to peer 0x55b8314fde10 (11 bytes)
1699740858.073998 sending message 112 to peer 0x55b8314fde10 (12 bytes)
1699740858.074008 sending message 112 to peer 0x55b8314fde10 (12 bytes)
1699740858.074017 sending message 112 to peer 0x55b8314fde10 (12 bytes)
1699740858.074027 sending message 112 to peer 0x55b8314fde10 (12 bytes)
1699740858.074037 sending message 112 to peer 0x55b8314fde10 (12 bytes)
1699740858.074047 sending message 112 to peer 0x55b8314fde10 (9 bytes)
1699740858.074056 sending message 112 to peer 0x55b8314fde10 (12 bytes)
1699740858.074066 sending message 112 to peer 0x55b8314fde10 (13 bytes)
1699740858.074075 sending message 112 to peer 0x55b8314fde10 (13 bytes)
1699740858.074085 sending message 112 to peer 0x55b8314fde10 (13 bytes)
1699740858.074095 sending message 112 to peer 0x55b8314fde10 (13 bytes)
1699740858.074105 sending message 112 to peer 0x55b8314fde10 (13 bytes)
1699740858.074115 sending message 112 to peer 0x55b8314fde10 (8 bytes)
1699740858.074125 sending message 112 to peer 0x55b8314fde10 (11 bytes)
1699740858.074134 sending message 112 to peer 0x55b8314fde10 (11 bytes)
1699740858.074143 sending message 112 to peer 0x55b8314fde10 (11 bytes)
1699740858.074152 sending message 112 to peer 0x55b8314fde10 (12 bytes)
1699740858.074161 sending message 112 to peer 0x55b8314fde10 (12 bytes)
1699740858.074170 sending message 112 to peer 0x55b8314fde10 (12 bytes)
1699740858.074179 sending message 112 to peer 0x55b8314fde10 (12 bytes)
1699740858.074188 sending message 112 to peer 0x55b8314fde10 (13 bytes)
1699740858.074198 sending message 112 to peer 0x55b8314fde10 (13 bytes)
1699740858.074207 sending message 112 to peer 0x55b8314fde10 (13 bytes)
1699740858.074216 sending message 112 to peer 0x55b8314fde10 (8 bytes)
1699740858.074224 sending message 112 to peer 0x55b8314fde10 (13 bytes)
1699740858.074233 sending message 112 to peer 0x55b8314fde10 (13 bytes)
1699740858.074243 sending message 112 to peer 0x55b8314fde10 (13 bytes)
1699740858.074254 sending message 112 to peer 0x55b8314fde10 (13 bytes)
1699740858.074263 sending message 112 to peer 0x55b8314fde10 (13 bytes)
1699740858.074273 sending message 112 to peer 0x55b8314fde10 (12 bytes)
1699740858.074283 sending message 112 to peer 0x55b8314fde10 (12 bytes)
1699740858.074292 sending message 112 to peer 0x55b8314fde10 (12 bytes)
1699740858.074301 sending message 112 to peer 0x55b8314fde10 (12 bytes)
1699740858.074310 sending message 112 to peer 0x55b8314fde10 (13 bytes)
1699740858.074319 sending message 112 to peer 0x55b8314fde10 (8 bytes)
1699740858.074329 sending message 112 to peer 0x55b8314fde10 (13 bytes)
1699740858.074339 sending message 112 to peer 0x55b8314fde10 (13 bytes)
1699740858.074348 sending message 112 to peer 0x55b8314fde10 (13 bytes)
1699740858.074358 sending message 112 to peer 0x55b8314fde10 (13 bytes)
1699740858.074368 sending message 112 to peer 0x55b8314fde10 (13 bytes)
1699740858.074377 sending message 112 to peer 0x55b8314fde10 (13 bytes)
1699740858.074387 sending message 112 to peer 0x55b8314fde10 (13 bytes)
1699740858.074396 sending message 112 to peer 0x55b8314fde10 (12 bytes)
1699740858.074406 sending message 112 to peer 0x55b8314fde10 (12 bytes)
1699740858.074416 sending message 112 to peer 0x55b8314fde10 (12 bytes)
1699740858.074425 sending message 112 to peer 0x55b8314fde10 (8 bytes)
1699740858.074435 sending message 112 to peer 0x55b8314fde10 (12 bytes)
1699740858.074445 sending message 112 to peer 0x55b8314fde10 (13 bytes)
1699740858.074455 sending message 112 to peer 0x55b8314fde10 (13 bytes)
1699740858.074465 sending message 112 to peer 0x55b8314fde10 (13 bytes)
1699740858.074491 sending message 112 to peer 0x55b8314fde10 (13 bytes)
1699740858.074501 sending message 112 to peer 0x55b8314fde10 (13 bytes)
1699740858.074510 sending message 112 to peer 0x55b8314fde10 (13 bytes)
1699740858.074520 sending message 112 to peer 0x55b8314fde10 (13 bytes)
1699740858.074530 sending message 112 to peer 0x55b8314fde10 (13 bytes)
1699740858.074539 sending message 112 to peer 0x55b8314fde10 (12 bytes)
1699740858.074549 sending message 112 to peer 0x55b8314fde10 (10 bytes)
1699740858.074558 sending message 112 to peer 0x55b8314fde10 (12 bytes)
1699740858.074568 sending message 112 to peer 0x55b8314fde10 (12 bytes)
1699740858.074578 sending message 112 to peer 0x55b8314fde10 (12 bytes)
1699740858.074587 sending message 112 to peer 0x55b8314fde10 (13 bytes)
1699740858.074597 sending message 112 to peer 0x55b8314fde10 (13 bytes)
1699740858.074606 sending message 112 to peer 0x55b8314fde10 (13 bytes)
1699740858.074615 sending message 112 to peer 0x55b8314fde10 (13 bytes)
1699740858.074624 sending message 112 to peer 0x55b8314fde10 (13 bytes)
1699740858.074634 sending message 112 to peer 0x55b8314fde10 (13 bytes)
1699740858.074644 sending message 112 to peer 0x55b8314fde10 (13 bytes)
1699740858.074654 sending message 112 to peer 0x55b8314fde10 (10 bytes)
1699740858.074663 sending message 112 to peer 0x55b8314fde10 (13 bytes)
1699740858.074673 sending message 112 to peer 0x55b8314fde10 (12 bytes)
1699740858.074683 sending message 112 to peer 0x55b8314fde10 (12 bytes)
1699740858.074693 sending message 112 to peer 0x55b8314fde10 (12 bytes)
1699740858.074702 sending message 112 to peer 0x55b8314fde10 (10 bytes)
1699740858.074711 sending message 112 to peer 0x55b8314fde10 (10 bytes)
1699740858.074720 sending message 112 to peer 0x55b8314fde10 (10 bytes)
1699740858.074729 sending message 112 to peer 0x55b8314fde10 (12 bytes)
1699740858.074738 sending message 112 to peer 0x55b8314fde10 (13 bytes)
1699740858.074748 sending message 112 to peer 0x55b8314fde10 (13 bytes)
1699740858.074757 sending message 112 to peer 0x55b8314fde10 (13 bytes)
1699740858.074766 sending message 112 to peer 0x55b8314fde10 (13 bytes)
1699740858.074775 sending message 112 to peer 0x55b8314fde10 (13 bytes)
1699740858.074784 sending message 112 to peer 0x55b8314fde10 (10 bytes)
1699740858.074793 sending message 112 to peer 0x55b8314fde10 (11 bytes)
1699740858.074804 sending message 112 to peer 0x55b8314fde10 (12 bytes)
1699740858.074814 sending message 112 to peer 0x55b8314fde10 (12 bytes)
1699740858.074824 sending message 112 to peer 0x55b8314fde10 (12 bytes)
1699740858.074834 sending message 112 to peer 0x55b8314fde10 (12 bytes)
1699740858.074844 sending message 112 to peer 0x55b8314fde10 (12 bytes)
1699740858.074853 sending message 112 to peer 0x55b8314fde10 (11 bytes)
1699740858.074862 sending message 112 to peer 0x55b8314fde10 (12 bytes)
1699740858.074872 sending message 112 to peer 0x55b8314fde10 (12 bytes)
1699740858.074881 sending message 112 to peer 0x55b8314fde10 (13 bytes)
1699740858.074890 sending message 112 to peer 0x55b8314fde10 (13 bytes)
1699740858.074899 sending message 112 to peer 0x55b8314fde10 (13 bytes)
1699740858.074908 sending message 112 to peer 0x55b8314fde10 (13 bytes)
1699740858.074918 sending message 112 to peer 0x55b8314fde10 (13 bytes)
1699740858.074927 sending message 112 to peer 0x55b8314fde10 (10 bytes)
1699740858.074936 sending message 112 to peer 0x55b8314fde10 (9 bytes)
1699740858.074946 sending message 112 to peer 0x55b8314fde10 (12 bytes)
1699740858.074956 sending message 112 to peer 0x55b8314fde10 (13 bytes)
1699740858.074966 sending message 112 to peer 0x55b8314fde10 (13 bytes)
1699740858.074975 sending message 112 to peer 0x55b8314fde10 (13 bytes)
1699740858.074985 sending message 112 to peer 0x55b8314fde10 (13 bytes)
1699740858.074995 sending message 112 to peer 0x55b8314fde10 (13 bytes)
1699740858.075004 sending message 112 to peer 0x55b8314fde10 (9 bytes)
1699740858.075014 sending message 112 to peer 0x55b8314fde10 (12 bytes)
1699740858.075023 sending message 112 to peer 0x55b8314fde10 (13 bytes)
1699740858.075042 sending message 112 to peer 0x55b8314fde10 (13 bytes)
1699740858.075052 sending message 112 to peer 0x55b8314fde10 (13 bytes)
1699740858.075062 sending message 112 to peer 0x55b8314fde10 (13 bytes)
1699740858.075071 sending message 112 to peer 0x55b8314fde10 (13 bytes)
1699740858.075081 sending message 112 to peer 0x55b8314fde10 (11 bytes)
1699740858.075091 sending message 112 to peer 0x55b8314fde10 (12 bytes)
1699740858.075101 sending message 112 to peer 0x55b8314fde10 (13 bytes)
1699740858.075110 sending message 112 to peer 0x55b8314fde10 (13 bytes)
1699740858.075120 sending message 112 to peer 0x55b8314fde10 (13 bytes)
1699740858.075130 sending message 112 to peer 0x55b8314fde10 (13 bytes)
1699740858.075139 sending message 112 to peer 0x55b8314fde10 (13 bytes)
1699740858.075149 sending message 112 to peer 0x55b8314fde10 (11 bytes)
1699740858.075158 sending message 112 to peer 0x55b8314fde10 (12 bytes)
1699740858.075167 sending message 112 to peer 0x55b8314fde10 (12 bytes)
1699740858.075176 sending message 112 to peer 0x55b8314fde10 (12 bytes)
1699740858.075186 sending message 112 to peer 0x55b8314fde10 (12 bytes)
1699740858.075196 sending message 112 to peer 0x55b8314fde10 (12 bytes)
1699740858.075205 sending message 112 to peer 0x55b8314fde10 (12 bytes)
1699740858.075214 sending message 112 to peer 0x55b8314fde10 (9 bytes)
1699740858.075223 sending message 112 to peer 0x55b8314fde10 (6 bytes)
1699740858.075232 sending message 112 to peer 0x55b8314fde10 (13 bytes)
1699740858.075242 sending message 112 to peer 0x55b8314fde10 (10 bytes)
1699740858.075251 sending message 112 to peer 0x55b8314fde10 (15 bytes)
1699740858.075260 sending message 112 to peer 0x55b8314fde10 (11 bytes)
1699740858.075269 sending message 112 to peer 0x55b8314fde10 (70 bytes)
1699740858.075279 sending message 112 to peer 0x55b8314fde10 (69 bytes)
1699740858.075288 sending message 112 to peer 0x55b8314fde10 (34 bytes)
1699740858.075297 sending message 112 to peer 0x55b8314fde10 (34 bytes)
1699740858.075306 sending message 112 to peer 0x55b8314fde10 (12 bytes)
1699740858.075315 sending message 112 to peer 0x55b8314fde10 (10 bytes)
1699740858.075324 sending message 112 to peer 0x55b8314fde10 (10 bytes)
1699740858.075333 sending message 112 to peer 0x55b8314fde10 (15 bytes)
1699740858.075342 sending message 112 to peer 0x55b8314fde10 (11 bytes)
1699740858.075352 sending message 112 to peer 0x55b8314fde10 (10 bytes)
1699740858.075362 sending message 112 to peer 0x55b8314fde10 (10 bytes)
1699740858.075371 sending message 112 to peer 0x55b8314fde10 (17 bytes)
1699740858.075380 sending message 112 to peer 0x55b8314fde10 (10 bytes)
1699740858.075390 sending message 112 to peer 0x55b8314fde10 (17 bytes)
1699740858.075399 sending message 112 to peer 0x55b8314fde10 (5 bytes)
1699740858.075409 sending message 112 to peer 0x55b8314fde10 (9 bytes)
1699740858.075419 sending message 112 to peer 0x55b8314fde10 (15 bytes)
1699740858.075430 sending message 104 to peer 0x55b8314fde10 (0 bytes)
1699740858.075440 sending message 110 to peer 0x55b8314fde10 (0 bytes)
1699740858.075450 sending message 107 to peer 0x55b8314fde10 (4 bytes)
1699740858.075459 sending message 105 to peer 0x55b8314fde10 (18 bytes)
1699740858.075469 sending message 105 to peer 0x55b8314fde10 (13 bytes)
1699740858.075478 sending message 105 to peer 0x55b8314fde10 (15 bytes)
1699740858.075488 sending message 105 to peer 0x55b8314fde10 (367 bytes)
1699740858.075496 sending message 105 to peer 0x55b8314fde10 (19 bytes)
1699740858.075506 sending message 105 to peer 0x55b8314fde10 (12 bytes)
1699740858.075515 sending message 105 to peer 0x55b8314fde10 (31 bytes)
1699740858.075524 sending message 105 to peer 0x55b8314fde10 (28 bytes)
1699740858.075534 sending message 105 to peer 0x55b8314fde10 (19 bytes)
1699740858.075544 sending message 105 to peer 0x55b8314fde10 (56 bytes)
1699740858.075553 sending message 105 to peer 0x55b8314fde10 (22 bytes)
1699740858.075562 sending message 105 to peer 0x55b8314fde10 (19 bytes)
1699740858.075572 sending message 105 to peer 0x55b8314fde10 (37 bytes)
1699740858.075590 sending message 105 to peer 0x55b8314fde10 (20 bytes)
1699740858.075600 sending message 105 to peer 0x55b8314fde10 (20 bytes)
1699740858.075608 sending message 105 to peer 0x55b8314fde10 (30 bytes)
1699740858.075616 sending message 105 to peer 0x55b8314fde10 (29 bytes)
1699740858.075625 sending message 105 to peer 0x55b8314fde10 (25 bytes)
1699740858.075633 sending message 105 to peer 0x55b8314fde10 (21 bytes)
1699740858.075643 sending message 105 to peer 0x55b8314fde10 (27 bytes)
1699740858.075652 sending message 105 to peer 0x55b8314fde10 (18 bytes)
1699740858.075662 sending message 105 to peer 0x55b8314fde10 (21 bytes)
1699740858.075671 sending message 105 to peer 0x55b8314fde10 (24 bytes)
1699740858.075680 sending message 105 to peer 0x55b8314fde10 (14 bytes)
1699740858.075689 sending message 105 to peer 0x55b8314fde10 (20 bytes)
1699740858.075699 sending message 105 to peer 0x55b8314fde10 (20 bytes)
1699740858.075708 sending message 105 to peer 0x55b8314fde10 (20 bytes)
1699740858.075723 sending message 105 to peer 0x55b8314fde10 (23 bytes)
1699740858.075732 sending message 105 to peer 0x55b8314fde10 (54 bytes)
1699740858.075741 sending message 105 to peer 0x55b8314fde10 (23 bytes)
1699740858.075750 sending message 105 to peer 0x55b8314fde10 (11 bytes)
1699740858.075758 sending message 105 to peer 0x55b8314fde10 (52 bytes)
1699740858.075766 sending message 105 to peer 0x55b8314fde10 (88 bytes)
1699740858.075775 sending message 105 to peer 0x55b8314fde10 (19 bytes)
1699740858.075785 sending message 105 to peer 0x55b8314fde10 (75 bytes)
1699740858.075794 sending message 105 to peer 0x55b8314fde10 (18 bytes)
1699740858.075802 sending message 105 to peer 0x55b8314fde10 (28 bytes)
1699740858.075812 sending message 105 to peer 0x55b8314fde10 (22 bytes)
1699740858.075821 sending message 105 to peer 0x55b8314fde10 (21 bytes)
1699740858.075829 sending message 105 to peer 0x55b8314fde10 (22 bytes)
1699740858.075838 sending message 105 to peer 0x55b8314fde10 (28 bytes)
1699740858.075847 sending message 105 to peer 0x55b8314fde10 (50 bytes)
1699740858.075856 sending message 105 to peer 0x55b8314fde10 (30 bytes)
1699740858.075864 sending message 105 to peer 0x55b8314fde10 (30 bytes)
1699740858.075873 sending message 105 to peer 0x55b8314fde10 (18 bytes)
1699740858.075882 sending message 105 to peer 0x55b8314fde10 (48 bytes)
1699740858.075891 sending message 105 to peer 0x55b8314fde10 (82 bytes)
1699740858.075900 sending message 105 to peer 0x55b8314fde10 (8 bytes)
1699740858.075909 sending message 105 to peer 0x55b8314fde10 (19 bytes)
1699740858.075918 sending message 105 to peer 0x55b8314fde10 (47 bytes)
1699740858.075927 sending message 105 to peer 0x55b8314fde10 (29 bytes)
1699740858.075937 sending message 105 to peer 0x55b8314fde10 (16 bytes)
1699740858.075946 sending message 105 to peer 0x55b8314fde10 (29 bytes)
1699740858.075955 sending message 105 to peer 0x55b8314fde10 (95 bytes)
1699740858.075964 sending message 105 to peer 0x55b8314fde10 (24 bytes)
1699740858.075974 sending message 105 to peer 0x55b8314fde10 (15 bytes)
1699740858.075983 sending message 105 to peer 0x55b8314fde10 (52 bytes)
1699740858.075992 sending message 105 to peer 0x55b8314fde10 (23 bytes)
1699740858.076001 sending message 105 to peer 0x55b8314fde10 (24 bytes)
1699740858.076010 sending message 105 to peer 0x55b8314fde10 (17 bytes)
1699740858.076019 sending message 105 to peer 0x55b8314fde10 (58 bytes)
1699740858.076028 sending message 105 to peer 0x55b8314fde10 (21 bytes)
1699740858.076037 sending message 105 to peer 0x55b8314fde10 (11 bytes)
1699740858.076046 sending message 105 to peer 0x55b8314fde10 (20 bytes)
1699740858.076056 sending message 105 to peer 0x55b8314fde10 (16 bytes)
1699740858.076065 sending message 105 to peer 0x55b8314fde10 (16 bytes)
1699740858.076074 sending message 105 to peer 0x55b8314fde10 (47 bytes)
1699740858.076083 sending message 105 to peer 0x55b8314fde10 (23 bytes)
1699740858.076093 sending message 105 to peer 0x55b8314fde10 (22 bytes)
1699740858.076102 sending message 105 to peer 0x55b8314fde10 (138 bytes)
1699740858.076123 sending message 105 to peer 0x55b8314fde10 (51 bytes)
1699740858.076132 sending message 105 to peer 0x55b8314fde10 (60 bytes)
1699740858.076142 sending message 105 to peer 0x55b8314fde10 (18 bytes)
1699740858.076152 sending message 105 to peer 0x55b8314fde10 (18 bytes)
1699740858.076161 sending message 105 to peer 0x55b8314fde10 (17 bytes)
1699740858.076171 sending message 105 to peer 0x55b8314fde10 (20 bytes)
1699740858.076180 sending message 105 to peer 0x55b8314fde10 (15 bytes)
1699740858.076190 sending message 105 to peer 0x55b8314fde10 (60 bytes)
1699740858.076199 sending message 105 to peer 0x55b8314fde10 (33 bytes)
1699740858.076208 sending message 105 to peer 0x55b8314fde10 (38 bytes)
1699740858.076218 sending message 105 to peer 0x55b8314fde10 (28 bytes)
1699740858.076227 sending message 105 to peer 0x55b8314fde10 (11 bytes)
1699740858.076236 sending message 105 to peer 0x55b8314fde10 (8 bytes)
1699740858.076246 sending message 105 to peer 0x55b8314fde10 (32 bytes)
1699740858.076256 sending message 105 to peer 0x55b8314fde10 (1764 bytes)
1699740858.076302 sending message 105 to peer 0x55b8314fde10 (32 bytes)
1699740858.076312 sending message 105 to peer 0x55b8314fde10 (46 bytes)
1699740858.076322 sending message 105 to peer 0x55b8314fde10 (25 bytes)
1699740858.076331 sending message 105 to peer 0x55b8314fde10 (54 bytes)
1699740858.076341 sending message 105 to peer 0x55b8314fde10 (59 bytes)
1699740858.076350 sending message 105 to peer 0x55b8314fde10 (59 bytes)
1699740858.076360 sending message 105 to peer 0x55b8314fde10 (16 bytes)
1699740858.076369 sending message 105 to peer 0x55b8314fde10 (32 bytes)
1699740858.076378 sending message 105 to peer 0x55b8314fde10 (31 bytes)
1699740858.076388 sending message 106 to peer 0x55b8314fde10 (0 bytes)
1699740858.076517 sending message 200 to peer 0x55b8314fde10 (4 bytes)
1699740858.076527 client loop enter
1699740858.076563 client_signal: Child exited
1699740858.161130 peer 0x55b8314fde10 message 207
1699740858.161158 sending message 208 to peer 0x55b8314fde10 (0 bytes)
1699740862.572339 peer 0x55b8314fde10 message 203
1699740862.572414 sending message 205 to peer 0x55b8314fde10 (0 bytes)
1699740862.572782 peer 0x55b8314fde10 message 204
1699740862.572794 client loop exit
